Build started 2014/2/20 13:18:10.
     1>Project "D:\WorkSpace_Backup\GX_LIB\FILE_IO\Excel_IO\Excel_IO\Excel_IO.vcxproj" on node 2 (rebuild target(s)).
     1>_PrepareForClean:
         Deleting file "Release\Excel_IO.lastbuildstate".
     1>C:\Program Files\MSBuild\Microsoft.Cpp\v4.0\Microsoft.CppBuild.targets(299,5): warning MSB8004: Output Directory does not end with a trailing slash.  This build instance will add the slash as it is required to allow proper evaluation of the Output Directory.
       InitializeBuildStatus:
         Creating "Release\Excel_IO.unsuccessfulbuild" because "AlwaysCreate" was specified.
       ClCompile:
         C:\Program Files\Microsoft Visual Studio 10.0\VC\bin\CL.exe /c /Zi /nologo /W3 /WX- /O2 /Oi /Oy- /GL /D WIN32 /D NDEBUG /D _CONSOLE /D _WINDLL /D _MBCS /D _AFXDLL /Gm- /EHsc /MD /GS /Gy /fp:precise /Zc:wchar_t /Zc:forScope /Yc"StdAfx.h" /Fp"Release\Excel_IO.pch" /Fo"Release\\" /Fd"Release\vc100.pdb" /Gd /TP /analyze- /errorReport:prompt stdafx.cpp
         stdafx.cpp
         C:\Program Files\Microsoft Visual Studio 10.0\VC\bin\CL.exe /c /Zi /nologo /W3 /WX- /O2 /Oi /Oy- /GL /D WIN32 /D NDEBUG /D _CONSOLE /D _WINDLL /D _MBCS /D _AFXDLL /Gm- /EHsc /MD /GS /Gy /fp:precise /Zc:wchar_t /Zc:forScope /Yu"StdAfx.h" /Fp"Release\Excel_IO.pch" /Fo"Release\\" /Fd"Release\vc100.pdb" /Gd /TP /analyze- /errorReport:prompt ExcelOBJ.cpp Excel_IO.cpp
         ExcelOBJ.cpp
         Excel_IO.cpp
       ResourceCompile:
         C:\Program Files\Microsoft SDKs\Windows\v7.0A\bin\rc.exe /D _AFXDLL /l"0x0409" /nologo /fo"Release\Excel_IO.res" Excel_IO.rc 
       Link:
         C:\Program Files\Microsoft Visual Studio 10.0\VC\bin\link.exe /ERRORREPORT:PROMPT /OUT:"..\..\Excel_IO.dll" /INCREMENTAL:NO /NOLOGO /MANIFEST /ManifestFile:"Release\Excel_IO.dll.intermediate.manifest" /MANIFESTUAC:"level='asInvoker' uiAccess='false'" /DEBUG /PDB:"D:\WorkSpace_Backup\GX_LIB\FILE_IO\Excel_IO.pdb" /SUBSYSTEM:CONSOLE /OPT:REF /OPT:ICF /LTCG /TLBID:1 /DYNAMICBASE /NXCOMPAT /IMPLIB:"..\..\Excel_IO.lib" /MACHINE:X86 /DLL Release\Excel_IO.res
         Release\ExcelOBJ.obj
         Release\Excel_IO.obj
         Release\stdafx.obj
            Creating library ..\..\Excel_IO.lib and object ..\..\Excel_IO.exp
         Generating code
         Finished generating code
         Excel_IO.vcxproj -> D:\WorkSpace_Backup\GX_LIB\FILE_IO\Excel_IO\Excel_IO\..\..\Excel_IO.dll
       Manifest:
         C:\Program Files\Microsoft SDKs\Windows\v7.0A\bin\mt.exe /nologo /verbose /outputresource:"..\..\Excel_IO.dll;#2" /manifest Release\Excel_IO.dll.intermediate.manifest "C:\Program Files\Microsoft Visual Studio 10.0\VC\Include\Manifest\dpiaware.manifest"
       FinalizeBuildStatus:
         Deleting file "Release\Excel_IO.unsuccessfulbuild".
         Touching "Release\Excel_IO.lastbuildstate".
     1>Done Building Project "D:\WorkSpace_Backup\GX_LIB\FILE_IO\Excel_IO\Excel_IO\Excel_IO.vcxproj" (rebuild target(s)).

Build succeeded.

Time Elapsed 00:00:22.48
