..\..\Excel_IO.pdb
D:\WORKSPACE_BACKUP\GX_LIB\FILE_IO\EXCEL_IO.DLL
D:\WorkSpace_Backup\GX_LIB\FILE_IO\Excel_IO.exp
D:\WorkSpace_Backup\GX_LIB\FILE_IO\Excel_IO.lib
D:\WORKSPACE_BACKUP\GX_LIB\FILE_IO\EXCEL_IO.PDB
D:\WorkSpace_Backup\GX_LIB\FILE_IO\Excel_IO\Excel_IO\..\..\Excel_IO.dll
D:\WorkSpace_Backup\GX_LIB\FILE_IO\Excel_IO\Excel_IO\Release\cl.command.1.tlog
D:\WorkSpace_Backup\GX_LIB\FILE_IO\Excel_IO\Excel_IO\Release\CL.read.1.tlog
D:\WorkSpace_Backup\GX_LIB\FILE_IO\Excel_IO\Excel_IO\Release\CL.write.1.tlog
D:\WorkSpace_Backup\GX_LIB\FILE_IO\Excel_IO\Excel_IO\Release\excel.tlh
D:\WorkSpace_Backup\GX_LIB\FILE_IO\Excel_IO\Excel_IO\Release\excel.tli
D:\WORKSPACE_BACKUP\GX_LIB\FILE_IO\EXCEL_IO\EXCEL_IO\RELEASE\EXCEL_IO.DLL.INTERMEDIATE.MANIFEST
D:\WORKSPACE_BACKUP\GX_LIB\FILE_IO\EXCEL_IO\EXCEL_IO\RELEASE\EXCEL_IO.OBJ
D:\WORKSPACE_BACKUP\GX_LIB\FILE_IO\EXCEL_IO\EXCEL_IO\RELEASE\EXCEL_IO.PCH
D:\WORKSPACE_BACKUP\GX_LIB\FILE_IO\EXCEL_IO\EXCEL_IO\RELEASE\EXCEL_IO.RES
D:\WorkSpace_Backup\GX_LIB\FILE_IO\Excel_IO\Excel_IO\Release\Excel_IO.write.1.tlog
D:\WORKSPACE_BACKUP\GX_LIB\FILE_IO\EXCEL_IO\EXCEL_IO\RELEASE\EXCELOBJ.OBJ
D:\WorkSpace_Backup\GX_LIB\FILE_IO\Excel_IO\Excel_IO\Release\link.command.1.tlog
D:\WorkSpace_Backup\GX_LIB\FILE_IO\Excel_IO\Excel_IO\Release\link.read.1.tlog
D:\WorkSpace_Backup\GX_LIB\FILE_IO\Excel_IO\Excel_IO\Release\link.write.1.tlog
D:\WorkSpace_Backup\GX_LIB\FILE_IO\Excel_IO\Excel_IO\Release\link-cvtres.read.1.tlog
D:\WorkSpace_Backup\GX_LIB\FILE_IO\Excel_IO\Excel_IO\Release\link-cvtres.write.1.tlog
D:\WorkSpace_Backup\GX_LIB\FILE_IO\Excel_IO\Excel_IO\Release\mso.tlh
D:\WorkSpace_Backup\GX_LIB\FILE_IO\Excel_IO\Excel_IO\Release\mso.tli
D:\WorkSpace_Backup\GX_LIB\FILE_IO\Excel_IO\Excel_IO\Release\mt.command.1.tlog
D:\WorkSpace_Backup\GX_LIB\FILE_IO\Excel_IO\Excel_IO\Release\mt.read.1.tlog
D:\WorkSpace_Backup\GX_LIB\FILE_IO\Excel_IO\Excel_IO\Release\mt.write.1.tlog
D:\WorkSpace_Backup\GX_LIB\FILE_IO\Excel_IO\Excel_IO\Release\rc.command.1.tlog
D:\WorkSpace_Backup\GX_LIB\FILE_IO\Excel_IO\Excel_IO\Release\rc.read.1.tlog
D:\WorkSpace_Backup\GX_LIB\FILE_IO\Excel_IO\Excel_IO\Release\rc.write.1.tlog
D:\WORKSPACE_BACKUP\GX_LIB\FILE_IO\EXCEL_IO\EXCEL_IO\RELEASE\STDAFX.OBJ
D:\WorkSpace_Backup\GX_LIB\FILE_IO\Excel_IO\Excel_IO\Release\vbe6ext.tlh
D:\WorkSpace_Backup\GX_LIB\FILE_IO\Excel_IO\Excel_IO\Release\vbe6ext.tli
D:\WORKSPACE_BACKUP\GX_LIB\FILE_IO\EXCEL_IO\EXCEL_IO\RELEASE\VC100.PDB
