Build started 2014/1/17 11:52:28.
     1>Project "D:\WorkSpace_Backup\GX_LIB\FILE_IO\Excel_IO\Excel_IO\Excel_IO.vcxproj" on node 2 (build target(s)).
     1>C:\Program Files\MSBuild\Microsoft.Cpp\v4.0\Microsoft.CppBuild.targets(299,5): warning MSB8004: Output Directory does not end with a trailing slash.  This build instance will add the slash as it is required to allow proper evaluation of the Output Directory.
     1>InitializeBuildStatus:
         Creating "Debug\Excel_IO.unsuccessfulbuild" because "AlwaysCreate" was specified.
       ClCompile:
         C:\Program Files\Microsoft Visual Studio 10.0\VC\bin\CL.exe /c /ZI /nologo /W3 /WX- /Od /Oy- /D WIN32 /D _DEBUG /D _CONSOLE /D _WINDLL /D _MBCS /D _AFXDLL /Gm /EHsc /RTC1 /MDd /GS /fp:precise /Zc:wchar_t /Zc:forScope /Yc"StdAfx.h" /Fp"Debug\Excel_IO.pch" /Fo"Debug\\" /Fd"Debug\vc100.pdb" /Gd /TP /analyze- /errorReport:prompt stdafx.cpp
         stdafx.cpp
         C:\Program Files\Microsoft Visual Studio 10.0\VC\bin\CL.exe /c /ZI /nologo /W3 /WX- /Od /Oy- /D WIN32 /D _DEBUG /D _CONSOLE /D _WINDLL /D _MBCS /D _AFXDLL /Gm /EHsc /RTC1 /MDd /GS /fp:precise /Zc:wchar_t /Zc:forScope /Yu"StdAfx.h" /Fp"Debug\Excel_IO.pch" /Fo"Debug\\" /Fd"Debug\vc100.pdb" /Gd /TP /analyze- /errorReport:prompt ExcelOBJ.cpp Excel_IO.cpp
         Excel_IO.cpp
         ExcelOBJ.cpp
         Generating Code...
       ResourceCompile:
         C:\Program Files\Microsoft SDKs\Windows\v7.0A\bin\rc.exe /D _AFXDLL /l"0x0409" /nologo /fo"Debug\Excel_IO.res" Excel_IO.rc 
       ManifestResourceCompile:
         C:\Program Files\Microsoft SDKs\Windows\v7.0A\bin\rc.exe /nologo /fo"Debug\Excel_IO.dll.embed.manifest.res" Debug\Excel_IO_manifest.rc 
       Link:
         C:\Program Files\Microsoft Visual Studio 10.0\VC\bin\link.exe /ERRORREPORT:PROMPT /OUT:"..\..\Excel_IO.dll" /INCREMENTAL /NOLOGO /MANIFEST /ManifestFile:"Debug\Excel_IO.dll.intermediate.manifest" /MANIFESTUAC:"level='asInvoker' uiAccess='false'" /DEBUG /PDB:"D:\WorkSpace_Backup\GX_LIB\FILE_IO\Excel_IO.pdb" /SUBSYSTEM:CONSOLE /TLBID:1 /DYNAMICBASE /NXCOMPAT /IMPLIB:"..\..\Excel_IO.lib" /MACHINE:X86 /DLL Debug\Excel_IO.res
         Debug\Excel_IO.dll.embed.manifest.res
         Debug\ExcelOBJ.obj
         Debug\Excel_IO.obj
         Debug\stdafx.obj
            Creating library ..\..\Excel_IO.lib and object ..\..\Excel_IO.exp
       Manifest:
         C:\Program Files\Microsoft SDKs\Windows\v7.0A\bin\mt.exe /nologo /verbose /out:"Debug\Excel_IO.dll.embed.manifest" /manifest Debug\Excel_IO.dll.intermediate.manifest "C:\Program Files\Microsoft Visual Studio 10.0\VC\Include\Manifest\dpiaware.manifest"
         C:\Program Files\Microsoft SDKs\Windows\v7.0A\bin\rc.exe /nologo /fo"Debug\Excel_IO.dll.embed.manifest.res" Debug\Excel_IO_manifest.rc 
       LinkEmbedManifest:
         C:\Program Files\Microsoft Visual Studio 10.0\VC\bin\link.exe /ERRORREPORT:PROMPT /OUT:"..\..\Excel_IO.dll" /INCREMENTAL /NOLOGO /MANIFEST /ManifestFile:"Debug\Excel_IO.dll.intermediate.manifest" /MANIFESTUAC:"level='asInvoker' uiAccess='false'" /DEBUG /PDB:"D:\WorkSpace_Backup\GX_LIB\FILE_IO\Excel_IO.pdb" /SUBSYSTEM:CONSOLE /TLBID:1 /DYNAMICBASE /NXCOMPAT /IMPLIB:"..\..\Excel_IO.lib" /MACHINE:X86 /DLL Debug\Excel_IO.res
         Debug\Excel_IO.dll.embed.manifest.res
         Debug\ExcelOBJ.obj
         Debug\Excel_IO.obj
         Debug\stdafx.obj
            Creating library ..\..\Excel_IO.lib and object ..\..\Excel_IO.exp
         Excel_IO.vcxproj -> D:\WorkSpace_Backup\GX_LIB\FILE_IO\Excel_IO\Excel_IO\..\..\Excel_IO.dll
       FinalizeBuildStatus:
         Deleting file "Debug\Excel_IO.unsuccessfulbuild".
         Touching "Debug\Excel_IO.lastbuildstate".
     1>Done Building Project "D:\WorkSpace_Backup\GX_LIB\FILE_IO\Excel_IO\Excel_IO\Excel_IO.vcxproj" (build target(s)).

Build succeeded.

Time Elapsed 00:00:17.35
